<?xml version="1.0" encoding="UTF-8"?>
<testng-results skipped="0" failed="0" ignored="0" total="1" passed="1">
  <reporter-output>
  </reporter-output>
  <suite name="Command line suite" duration-ms="11" started-at="2019-12-12T11:22:02 IST" finished-at="2019-12-12T11:22:02 IST">
    <groups>
    </groups>
    <test name="Command line test" duration-ms="11" started-at="2019-12-12T11:22:02 IST" finished-at="2019-12-12T11:22:02 IST">
      <class name="eq.selenium.framework.AppTest">
        <test-method status="PASS" signature="testApp()[pri:0, instance:testApp(eq.selenium.framework.AppTest)]" name="testApp" duration-ms="1" started-at="2019-12-12T11:22:02 IST" finished-at="2019-12-12T11:22:02 IST">
          <reporter-output>
          </reporter-output>
        </test-method> <!-- testApp -->
      </class> <!-- eq.selenium.framework.AppTest -->
    </test> <!-- Command line test -->
  </suite> <!-- Command line suite -->
</testng-results>
