<?xml version="1.0" encoding="UTF-8"?>
<!-- Generated by org.testng.reporters.JUnitXMLReporter -->
<testsuite hostname="DT-SONI" ignored="0" name="Command line test" tests="3" failures="0" timestamp="2019-12-12T12:08:53 IST" time="0.056" errors="0">
  <testcase name="login" time="0.013" classname="eq.selenium.framework.SeleniumTest"/>
  <testcase name="logout" time="0.0" classname="eq.selenium.framework.SeleniumTest"/>
  <testcase name="validateCredentials" time="0.0" classname="eq.selenium.framework.SeleniumTest"/>
</testsuite> <!-- Command line test -->
