<?xml version="1.0" encoding="UTF-8"?>
<!-- Generated by org.testng.reporters.JUnitXMLReporter -->
<testsuite hostname="DT-SONI" ignored="0" name="Surefire test" tests="9" failures="0" timestamp="2019-12-12T11:12:22 IST" time="0.059" errors="0">
  <testcase name="login" time="0.007" classname="eq.selenium.framework.AppiumTest"/>
  <testcase name="logout" time="0.0" classname="eq.selenium.framework.AppiumTest"/>
  <testcase name="validateCredentials" time="0.0" classname="eq.selenium.framework.AppiumTest"/>
  <testcase name="login" time="0.0" classname="eq.selenium.framework.RestAPITest"/>
  <testcase name="logout" time="0.0" classname="eq.selenium.framework.RestAPITest"/>
  <testcase name="validateCredentials" time="0.001" classname="eq.selenium.framework.RestAPITest"/>
  <testcase name="login" time="0.001" classname="eq.selenium.framework.SeleniumTest"/>
  <testcase name="logout" time="0.001" classname="eq.selenium.framework.SeleniumTest"/>
  <testcase name="validateCredentials" time="0.0" classname="eq.selenium.framework.SeleniumTest"/>
</testsuite> <!-- Surefire test -->
