<?xml version="1.0" encoding="UTF-8"?>
<testng-results skipped="0" failed="0" ignored="0" total="9" passed="9">
  <reporter-output>
  </reporter-output>
  <suite name="Command line suite" duration-ms="57" started-at="2019-12-12T11:22:02 IST" finished-at="2019-12-12T11:22:02 IST">
    <groups>
    </groups>
    <test name="Command line test" duration-ms="57" started-at="2019-12-12T11:22:02 IST" finished-at="2019-12-12T11:22:02 IST">
      <class name="eq.selenium.framework.RestAPITest">
        <test-method status="PASS" signature="logout()[pri:0, instance:eq.selenium.framework.RestAPITest@9629756]" name="logout" duration-ms="0" started-at="2019-12-12T11:22:02 IST" finished-at="2019-12-12T11:22:02 IST">
          <reporter-output>
          </reporter-output>
        </test-method> <!-- logout -->
        <test-method status="PASS" signature="login()[pri:0, instance:eq.selenium.framework.RestAPITest@9629756]" name="login" duration-ms="0" started-at="2019-12-12T11:22:02 IST" finished-at="2019-12-12T11:22:02 IST">
          <reporter-output>
          </reporter-output>
        </test-method> <!-- login -->
        <test-method status="PASS" signature="validateCredentials()[pri:0, instance:eq.selenium.framework.RestAPITest@9629756]" name="validateCredentials" duration-ms="0" started-at="2019-12-12T11:22:02 IST" finished-at="2019-12-12T11:22:02 IST">
          <reporter-output>
          </reporter-output>
        </test-method> <!-- validateCredentials -->
      </class> <!-- eq.selenium.framework.RestAPITest -->
      <class name="eq.selenium.framework.AppiumTest">
        <test-method status="PASS" signature="login()[pri:0, instance:eq.selenium.framework.AppiumTest@7f9a81e8]" name="login" duration-ms="12" started-at="2019-12-12T11:22:02 IST" finished-at="2019-12-12T11:22:02 IST">
          <reporter-output>
          </reporter-output>
        </test-method> <!-- login -->
        <test-method status="PASS" signature="logout()[pri:0, instance:eq.selenium.framework.AppiumTest@7f9a81e8]" name="logout" duration-ms="0" started-at="2019-12-12T11:22:02 IST" finished-at="2019-12-12T11:22:02 IST">
          <reporter-output>
          </reporter-output>
        </test-method> <!-- logout -->
        <test-method status="PASS" signature="validateCredentials()[pri:0, instance:eq.selenium.framework.AppiumTest@7f9a81e8]" name="validateCredentials" duration-ms="0" started-at="2019-12-12T11:22:02 IST" finished-at="2019-12-12T11:22:02 IST">
          <reporter-output>
          </reporter-output>
        </test-method> <!-- validateCredentials -->
      </class> <!-- eq.selenium.framework.AppiumTest -->
      <class name="eq.selenium.framework.SeleniumTest">
        <test-method status="PASS" signature="logout()[pri:0, instance:eq.selenium.framework.SeleniumTest@62ee68d8]" name="logout" duration-ms="0" started-at="2019-12-12T11:22:02 IST" finished-at="2019-12-12T11:22:02 IST">
          <reporter-output>
          </reporter-output>
        </test-method> <!-- logout -->
        <test-method status="PASS" signature="login()[pri:0, instance:eq.selenium.framework.SeleniumTest@62ee68d8]" name="login" duration-ms="0" started-at="2019-12-12T11:22:02 IST" finished-at="2019-12-12T11:22:02 IST">
          <reporter-output>
          </reporter-output>
        </test-method> <!-- login -->
        <test-method status="PASS" signature="validateCredentials()[pri:0, instance:eq.selenium.framework.SeleniumTest@62ee68d8]" name="validateCredentials" duration-ms="0" started-at="2019-12-12T11:22:02 IST" finished-at="2019-12-12T11:22:02 IST">
          <reporter-output>
          </reporter-output>
        </test-method> <!-- validateCredentials -->
      </class> <!-- eq.selenium.framework.SeleniumTest -->
    </test> <!-- Command line test -->
  </suite> <!-- Command line suite -->
</testng-results>
