<?xml version="1.0" encoding="UTF-8"?>
<testsuite xmlns:xsi="http://www.w3.org/2001/XMLSchema-instance" xsi:noNamespaceSchemaLocation="https://maven.apache.org/surefire/maven-surefire-plugin/xsd/surefire-test-report-3.0.xsd" version="3.0" name="TestSuite" time="0.523" tests="9" errors="0" skipped="0" failures="0">
  <properties>
[...]
</properties>
  <testcase name="login" classname="eq.selenium.framework.AppiumTest" time="0.007"/>
  <testcase name="logout" classname="eq.selenium.framework.AppiumTest" time="0"/>
  <testcase name="validateCredentials" classname="eq.selenium.framework.AppiumTest" time="0"/>
  <testcase name="login" classname="eq.selenium.framework.SeleniumTest" time="0"/>
  <testcase name="logout" classname="eq.selenium.framework.SeleniumTest" time="0"/>
  <testcase name="validateCredentials" classname="eq.selenium.framework.SeleniumTest" time="0"/>
  <testcase name="login" classname="eq.selenium.framework.RestAPITest" time="0"/>
  <testcase name="logout" classname="eq.selenium.framework.RestAPITest" time="0"/>
  <testcase name="validateCredentials" classname="eq.selenium.framework.RestAPITest" time="0"/>
</testsuite>