<?xml version="1.0" encoding="UTF-8"?>
<testng-results skipped="0" failed="0" ignored="0" total="9" passed="9">
  <reporter-output>
  </reporter-output>
  <suite name="Suite" duration-ms="54" started-at="2019-12-15T15:32:08 IST" finished-at="2019-12-15T15:32:08 IST">
    <groups>
    </groups>
    <test name="Test" duration-ms="54" started-at="2019-12-15T15:32:08 IST" finished-at="2019-12-15T15:32:08 IST">
      <class name="eq.selenium.framework.RestAPITest">
        <test-method status="PASS" signature="login()[pri:0, instance:eq.selenium.framework.RestAPITest@25a65b77]" name="login" duration-ms="0" started-at="2019-12-15T15:32:08 IST" finished-at="2019-12-15T15:32:08 IST">
          <reporter-output>
          </reporter-output>
        </test-method> <!-- login -->
        <test-method status="PASS" signature="validateCredentials()[pri:0, instance:eq.selenium.framework.RestAPITest@25a65b77]" name="validateCredentials" duration-ms="1" started-at="2019-12-15T15:32:08 IST" finished-at="2019-12-15T15:32:08 IST">
          <reporter-output>
          </reporter-output>
        </test-method> <!-- validateCredentials -->
        <test-method status="PASS" signature="logout()[pri:0, instance:eq.selenium.framework.RestAPITest@25a65b77]" name="logout" duration-ms="0" started-at="2019-12-15T15:32:08 IST" finished-at="2019-12-15T15:32:08 IST">
          <reporter-output>
          </reporter-output>
        </test-method> <!-- logout -->
      </class> <!-- eq.selenium.framework.RestAPITest -->
      <class name="eq.selenium.framework.AppiumTest">
        <test-method status="PASS" signature="login()[pri:0, instance:eq.selenium.framework.AppiumTest@240237d2]" name="login" duration-ms="7" started-at="2019-12-15T15:32:08 IST" finished-at="2019-12-15T15:32:08 IST">
          <reporter-output>
          </reporter-output>
        </test-method> <!-- login -->
        <test-method status="PASS" signature="logout()[pri:0, instance:eq.selenium.framework.AppiumTest@240237d2]" name="logout" duration-ms="0" started-at="2019-12-15T15:32:08 IST" finished-at="2019-12-15T15:32:08 IST">
          <reporter-output>
          </reporter-output>
        </test-method> <!-- logout -->
        <test-method status="PASS" signature="validateCredentials()[pri:0, instance:eq.selenium.framework.AppiumTest@240237d2]" name="validateCredentials" duration-ms="0" started-at="2019-12-15T15:32:08 IST" finished-at="2019-12-15T15:32:08 IST">
          <reporter-output>
          </reporter-output>
        </test-method> <!-- validateCredentials -->
      </class> <!-- eq.selenium.framework.AppiumTest -->
      <class name="eq.selenium.framework.SeleniumTest">
        <test-method status="PASS" signature="logout()[pri:0, instance:eq.selenium.framework.SeleniumTest@2ed0fbae]" name="logout" duration-ms="1" started-at="2019-12-15T15:32:08 IST" finished-at="2019-12-15T15:32:08 IST">
          <reporter-output>
          </reporter-output>
        </test-method> <!-- logout -->
        <test-method status="PASS" signature="login()[pri:0, instance:eq.selenium.framework.SeleniumTest@2ed0fbae]" name="login" duration-ms="0" started-at="2019-12-15T15:32:08 IST" finished-at="2019-12-15T15:32:08 IST">
          <reporter-output>
          </reporter-output>
        </test-method> <!-- login -->
        <test-method status="PASS" signature="validateCredentials()[pri:0, instance:eq.selenium.framework.SeleniumTest@2ed0fbae]" name="validateCredentials" duration-ms="0" started-at="2019-12-15T15:32:08 IST" finished-at="2019-12-15T15:32:08 IST">
          <reporter-output>
          </reporter-output>
        </test-method> <!-- validateCredentials -->
      </class> <!-- eq.selenium.framework.SeleniumTest -->
    </test> <!-- Test -->
  </suite> <!-- Suite -->
</testng-results>
